<?xml version="1.0" encoding="UTF-8"?>
<!-- Generated by org.testng.reporters.JUnitXMLReporter -->
<testsuite ignored="0" hostname="DESKTOP-C8N7NHG" failures="0" tests="6" name="Default test" time="5.847" errors="0" timestamp="29 Sep 2022 11:29:28 GMT">
  <testcase classname="test.APITesting" name="POJOTest2" time="0.458"/>
  <testcase classname="test.APITesting" name="getMehod" time="2.456"/>
  <testcase classname="test.APITesting" name="postMethod" time="0.791"/>
  <testcase classname="test.APITesting" name="putMethod" time="0.662"/>
  <testcase classname="test.APITesting" name="patchMethod" time="0.704"/>
  <testcase classname="test.APITesting" name="deleteMethod" time="0.708"/>
</testsuite> <!-- Default test -->
